<?xml version="1.0" encoding="UTF-8"?>
<!-- Generated by org.testng.reporters.JUnitReportReporter -->
<testsuite hostname="BRILAP3139" failures="0" tests="1" name="test.LoginTest" time="1.125" errors="0" timestamp="2021-06-30T11:19:30 IST" skipped="0">
  <testcase classname="test.LoginTest" name="test_Home_Page_Appear_Correct" time="1.125"/>
  <system-out/>
</testsuite> <!-- test.LoginTest -->
